-------------------------------------------------------------------------------
Test set: com.parkit.parkingsystem.FareCalculatorServiceTest
-------------------------------------------------------------------------------
Tests run: 9, Failures: 2, Errors: 0, Skipped: 0, Time elapsed: 0.405 s <<< FAILURE! - in com.parkit.parkingsystem.FareCalculatorServiceTest
calculateFareBikeWithLessThan30minutesParkingTimeDescription  Time elapsed: 0.061 s  <<< FAILURE!
org.opentest4j.AssertionFailedError: expected: <0.0> but was: <0.375>
	at com.parkit.parkingsystem.FareCalculatorServiceTest.calculateFareBikeWithLessThan30minutesParkingTimeDescription(FareCalculatorServiceTest.java:152)

calculateFareCarWithLessThan30minutesParkingTimeDescription  Time elapsed: 0 s  <<< FAILURE!
org.opentest4j.AssertionFailedError: expected: <0.0> but was: <0.5499999999999999>
	at com.parkit.parkingsystem.FareCalculatorServiceTest.calculateFareCarWithLessThan30minutesParkingTimeDescription(FareCalculatorServiceTest.java:138)

